<?xml version="1.0" encoding="UTF-8"?>
<testng-results ignored="0" total="3" passed="3" failed="0" skipped="0">
  <reporter-output>
  </reporter-output>
  <suite started-at="2026-05-12T23:54:43 EDT" name="Default suite" finished-at="2026-05-12T23:54:53 EDT" duration-ms="10278">
    <groups>
    </groups>
    <test started-at="2026-05-12T23:54:43 EDT" name="Default test" finished-at="2026-05-12T23:54:53 EDT" duration-ms="10278">
      <class name="theinternetherokutest.InternetHerokuautomationTests">
        <test-method is-config="true" signature="initialise()[pri:0, instance:theinternetherokutest.InternetHerokuautomationTests@3d51f06e]" started-at="2026-05-12T23:54:42 EDT" name="initialise" finished-at="2026-05-12T23:54:43 EDT" duration-ms="322" status="PASS">
          <reporter-output>
          </reporter-output>
        </test-method> <!-- initialise -->
        <test-method is-config="true" signature="preReqBaseTest(java.lang.reflect.Method)[pri:0, instance:theinternetherokutest.InternetHerokuautomationTests@3d51f06e]" started-at="2026-05-12T23:54:43 EDT" name="preReqBaseTest" finished-at="2026-05-12T23:54:46 EDT" duration-ms="2879" status="PASS">
          <params>
            <param index="0">
              <value>
                <![CDATA[public void theinternetherokutest.InternetHerokuautomationTests.loginFailedTest(java.lang.String,java.lang.String)]]>
              </value>
            </param>
          </params>
          <reporter-output>
          </reporter-output>
        </test-method> <!-- preReqBaseTest -->
        <test-method signature="loginFailedTest(java.lang.String,java.lang.String)[pri:0, instance:theinternetherokutest.InternetHerokuautomationTests@3d51f06e]" started-at="2026-05-12T23:54:46 EDT" name="loginFailedTest" data-provider="invalidLoginData" finished-at="2026-05-12T23:54:47 EDT" duration-ms="965" status="PASS">
          <params>
            <param index="0">
              <value>
                <![CDATA[raj]]>
              </value>
            </param>
            <param index="1">
              <value>
                <![CDATA[SuperSecretPassword!]]>
              </value>
            </param>
          </params>
          <reporter-output>
          </reporter-output>
        </test-method> <!-- loginFailedTest -->
        <test-method is-config="true" signature="packUptest(org.testng.ITestResult)[pri:0, instance:theinternetherokutest.InternetHerokuautomationTests@3d51f06e]" started-at="2026-05-12T23:54:47 EDT" name="packUptest" finished-at="2026-05-12T23:54:47 EDT" duration-ms="443" status="PASS">
          <params>
            <param index="0">
              <value>
                <![CDATA[[TestResult name=loginFailedTest status=SUCCESS method=InternetHerokuautomationTests.loginFailedTest(java.lang.String,java.lang.String)[pri:0, instance:theinternetherokutest.InternetHerokuautomationTests@3d51f06e] output={null}]]]>
              </value>
            </param>
          </params>
          <reporter-output>
          </reporter-output>
        </test-method> <!-- packUptest -->
        <test-method is-config="true" signature="preReqBaseTest(java.lang.reflect.Method)[pri:0, instance:theinternetherokutest.InternetHerokuautomationTests@3d51f06e]" started-at="2026-05-12T23:54:47 EDT" name="preReqBaseTest" finished-at="2026-05-12T23:54:48 EDT" duration-ms="1378" status="PASS">
          <params>
            <param index="0">
              <value>
                <![CDATA[public void theinternetherokutest.InternetHerokuautomationTests.loginFailedTest(java.lang.String,java.lang.String)]]>
              </value>
            </param>
          </params>
          <reporter-output>
          </reporter-output>
        </test-method> <!-- preReqBaseTest -->
        <test-method signature="loginFailedTest(java.lang.String,java.lang.String)[pri:0, instance:theinternetherokutest.InternetHerokuautomationTests@3d51f06e]" started-at="2026-05-12T23:54:48 EDT" name="loginFailedTest" data-provider="invalidLoginData" finished-at="2026-05-12T23:54:50 EDT" duration-ms="1129" status="PASS">
          <params>
            <param index="0">
              <value>
                <![CDATA[tomsmith]]>
              </value>
            </param>
            <param index="1">
              <value>
                <![CDATA[raj123]]>
              </value>
            </param>
          </params>
          <reporter-output>
          </reporter-output>
        </test-method> <!-- loginFailedTest -->
        <test-method is-config="true" signature="packUptest(org.testng.ITestResult)[pri:0, instance:theinternetherokutest.InternetHerokuautomationTests@3d51f06e]" started-at="2026-05-12T23:54:50 EDT" name="packUptest" finished-at="2026-05-12T23:54:50 EDT" duration-ms="461" status="PASS">
          <params>
            <param index="0">
              <value>
                <![CDATA[[TestResult name=loginFailedTest status=SUCCESS method=InternetHerokuautomationTests.loginFailedTest(java.lang.String,java.lang.String)[pri:0, instance:theinternetherokutest.InternetHerokuautomationTests@3d51f06e] output={null}]]]>
              </value>
            </param>
          </params>
          <reporter-output>
          </reporter-output>
        </test-method> <!-- packUptest -->
        <test-method is-config="true" signature="preReqBaseTest(java.lang.reflect.Method)[pri:0, instance:theinternetherokutest.InternetHerokuautomationTests@3d51f06e]" started-at="2026-05-12T23:54:50 EDT" name="preReqBaseTest" finished-at="2026-05-12T23:54:52 EDT" duration-ms="1809" status="PASS">
          <params>
            <param index="0">
              <value>
                <![CDATA[public void theinternetherokutest.InternetHerokuautomationTests.loginFailedTest(java.lang.String,java.lang.String)]]>
              </value>
            </param>
          </params>
          <reporter-output>
          </reporter-output>
        </test-method> <!-- preReqBaseTest -->
        <test-method signature="loginFailedTest(java.lang.String,java.lang.String)[pri:0, instance:theinternetherokutest.InternetHerokuautomationTests@3d51f06e]" started-at="2026-05-12T23:54:52 EDT" name="loginFailedTest" data-provider="invalidLoginData" finished-at="2026-05-12T23:54:53 EDT" duration-ms="850" status="PASS">
          <params>
            <param index="0">
              <value>
                <![CDATA[minarv]]>
              </value>
            </param>
            <param index="1">
              <value>
                <![CDATA[12345]]>
              </value>
            </param>
          </params>
          <reporter-output>
          </reporter-output>
        </test-method> <!-- loginFailedTest -->
        <test-method is-config="true" signature="packUptest(org.testng.ITestResult)[pri:0, instance:theinternetherokutest.InternetHerokuautomationTests@3d51f06e]" started-at="2026-05-12T23:54:53 EDT" name="packUptest" finished-at="2026-05-12T23:54:53 EDT" duration-ms="318" status="PASS">
          <params>
            <param index="0">
              <value>
                <![CDATA[[TestResult name=loginFailedTest status=SUCCESS method=InternetHerokuautomationTests.loginFailedTest(java.lang.String,java.lang.String)[pri:0, instance:theinternetherokutest.InternetHerokuautomationTests@3d51f06e] output={null}]]]>
              </value>
            </param>
          </params>
          <reporter-output>
          </reporter-output>
        </test-method> <!-- packUptest -->
        <test-method is-config="true" signature="tearDown()[pri:0, instance:theinternetherokutest.InternetHerokuautomationTests@3d51f06e]" started-at="2026-05-12T23:54:53 EDT" name="tearDown" finished-at="2026-05-12T23:54:53 EDT" duration-ms="348" status="PASS">
          <reporter-output>
          </reporter-output>
        </test-method> <!-- tearDown -->
      </class> <!-- theinternetherokutest.InternetHerokuautomationTests -->
    </test> <!-- Default test -->
  </suite> <!-- Default suite -->
</testng-results>
