<?xml version="1.0" encoding="UTF-8"?>
<!-- Generated by org.testng.reporters.JUnitXMLReporter -->
<testsuite ignored="6" hostname="DESKTOP-399K5H3" failures="0" tests="3" name="Default test" time="10.278" errors="0" timestamp="2026-05-12T23:54:53 EDT">
  <testcase classname="theinternetherokutest.InternetHerokuautomationTests" name="loginFailedTest" time="0.965"/>
  <testcase classname="theinternetherokutest.InternetHerokuautomationTests" name="loginFailedTest" time="1.129"/>
  <testcase classname="theinternetherokutest.InternetHerokuautomationTests" name="loginFailedTest" time="0.85"/>
  <testcase classname="theinternetherokutest.InternetHerokuautomationTests" name="loginSuccessTest" time="0.0">
    <ignored/>
  </testcase> <!-- loginSuccessTest -->
  <testcase classname="theinternetherokutest.InternetHerokuautomationTests" name="checkBoxesTest" time="0.0">
    <ignored/>
  </testcase> <!-- checkBoxesTest -->
  <testcase classname="theinternetherokutest.InternetHerokuautomationTests" name="dropDownTest" time="0.0">
    <ignored/>
  </testcase> <!-- dropDownTest -->
  <testcase classname="theinternetherokutest.InternetHerokuautomationTests" name="contextMenuTest" time="0.0">
    <ignored/>
  </testcase> <!-- contextMenuTest -->
  <testcase classname="theinternetherokutest.InternetHerokuautomationTests" name="dragAndDropTest" time="0.0">
    <ignored/>
  </testcase> <!-- dragAndDropTest -->
  <testcase classname="theinternetherokutest.InternetHerokuautomationTests" name="javaScriptsAlertsTest" time="0.0">
    <ignored/>
  </testcase> <!-- javaScriptsAlertsTest -->
</testsuite> <!-- Default test -->
