<?xml version="1.0" encoding="UTF-8"?>
<!-- Generated by org.testng.reporters.JUnitReportReporter -->
<testsuite hostname="DESKTOP-399K5H3" failures="0" tests="3" name="theinternetherokutest.InternetHerokuautomationTests" time="10.232" errors="0" timestamp="2026-05-12T23:54:54 EDT" skipped="0">
  <testcase classname="theinternetherokutest.InternetHerokuautomationTests" name="loginFailedTest" time="4.451"/>
  <testcase classname="theinternetherokutest.InternetHerokuautomationTests" name="loginFailedTest" time="2.804"/>
  <testcase classname="theinternetherokutest.InternetHerokuautomationTests" name="loginFailedTest" time="2.977"/>
</testsuite> <!-- theinternetherokutest.InternetHerokuautomationTests -->
