<?xml version="1.0" encoding="UTF-8"?>
<!-- Generated by org.testng.reporters.JUnitXMLReporter -->
<testsuite ignored="3" hostname="DESKTOP-399K5H3" failures="0" tests="5" name="Test" time="17.811" errors="0" timestamp="2026-04-19T22:36:21 EDT">
  <testcase classname="theinternetherokutest.InternetHerokuautomationTests" name="checkBoxesTest" time="0.577"/>
  <testcase classname="theinternetherokutest.InternetHerokuautomationTests" name="contextMenuTest" time="0.634"/>
  <testcase classname="theinternetherokutest.InternetHerokuautomationTests" name="dropDownTest" time="0.54"/>
  <testcase classname="theinternetherokutest.InternetHerokuautomationTests" name="javaScriptsAlertsTest" time="1.257"/>
  <testcase classname="theinternetherokutest.InternetHerokuautomationTests" name="loginSuccessTest" time="1.413"/>
  <testcase classname="theinternetherokutest.InternetHerokuautomationTests" name="dragAndDropTest" time="0.0">
    <ignored/>
  </testcase> <!-- dragAndDropTest -->
  <testcase classname="theinternetherokutest.BaseTest" name="@AfterSuite tearDown" time="0.0">
    <ignored/>
  </testcase> <!-- @AfterSuite tearDown -->
  <testcase classname="theinternetherokutest.BaseTest" name="@BeforeSuite initialise" time="0.0">
    <ignored/>
  </testcase> <!-- @BeforeSuite initialise -->
</testsuite> <!-- Test -->
